[0.000000] (-) TimerEvent: {}
[0.000750] (-) JobUnselected: {'identifier': 'controller'}
[0.004344] (-) JobUnselected: {'identifier': 'image_viewer'}
[0.005960] (-) JobUnselected: {'identifier': 'motor_controller'}
[0.006424] (vision_processing) JobQueued: {'identifier': 'vision_processing', 'dependencies': OrderedDict()}
[0.007567] (vision_processing) JobStarted: {'identifier': 'vision_processing'}
[0.097759] (-) TimerEvent: {}
[0.208628] (-) TimerEvent: {}
[0.313365] (-) TimerEvent: {}
[0.419143] (-) TimerEvent: {}
[0.526284] (-) TimerEvent: {}
[0.627430] (-) TimerEvent: {}
[0.728448] (-) TimerEvent: {}
[0.830704] (-) TimerEvent: {}
[0.931861] (-) TimerEvent: {}
[1.035688] (-) TimerEvent: {}
[1.136634] (-) TimerEvent: {}
[1.238395] (-) TimerEvent: {}
[1.344783] (-) TimerEvent: {}
[1.446467] (-) TimerEvent: {}
[1.548965] (-) TimerEvent: {}
[1.651428] (-) TimerEvent: {}
[1.752303] (-) TimerEvent: {}
[1.853424] (-) TimerEvent: {}
[1.956063] (-) TimerEvent: {}
[2.059033] (-) TimerEvent: {}
[2.159940] (-) TimerEvent: {}
[2.261080] (-) TimerEvent: {}
[2.364683] (-) TimerEvent: {}
[2.465595] (-) TimerEvent: {}
[2.566361] (-) TimerEvent: {}
[2.671900] (-) TimerEvent: {}
[2.778152] (-) TimerEvent: {}
[2.879007] (-) TimerEvent: {}
[2.981919] (-) TimerEvent: {}
[3.082817] (-) TimerEvent: {}
[3.187197] (-) TimerEvent: {}
[3.289927] (-) TimerEvent: {}
[3.392243] (-) TimerEvent: {}
[3.493698] (-) TimerEvent: {}
[3.596255] (-) TimerEvent: {}
[3.700742] (-) TimerEvent: {}
[3.805227] (vision_processing) StderrLine: {'line': b'Traceback (most recent call last):\n  File "/usr/lib/python3/dist-packages/colcon_parallel_executor/executor/parallel.py", line 75, in execute\n    loop.run_until_complete(future)\n  File "/usr/lib/python3.12/asyncio/base_events.py", line 674, in run_until_complete\n    self.run_forever()\n  File "/usr/lib/python3.12/asyncio/base_events.py", line 641, in run_forever\n    self._run_once()\n  File "/usr/lib/python3.12/asyncio/base_events.py", line 1949, in _run_once\n    event_list = self._selector.select(timeout)\n                 ^^^^^^^^^^^^^^^^^^^^^^^^^^^^^^\n  File "/usr/lib/python3.12/selectors.py", line 468, in select\n    fd_event_list = self._selector.poll(timeout, max_ev)\n                    ^^^^^^^^^^^^^^^^^^^^^^^^^^^^^^^^^^^^\nKeyboardInterrupt\n\nDuring handling of the above exception, another exception occurred:\n\nTraceback (most recent call last):\n  File "/usr/lib/python3/dist-packages/colcon_core/executor/__init__.py", line 91, in __call__\n    rc = await self.task(*args, **kwargs)\n         ^^^^^^^^^^^^^^^^^^^^^^^^^^^^^^^^\n  File "/usr/lib/python3/dist-packages/colcon_core/task/__init__.py", line 93, in __call__\n    return await task_method(*args, **kwargs)\n           ^^^^^^^^^^^^^^^^^^^^^^^^^^^^^^^^^^\n  File "/usr/lib/python3/dist-packages/colcon_ros/task/ament_python/build.py", line 102, in build\n    return await extension.build(additional_hooks=additional_hooks)\n           ^^^^^^^^^^^^^^^^^^^^^^^^^^^^^^^^^^^^^^^^^^^^^^^^^^^^^^^^\n  File "/usr/lib/python3/dist-packages/colcon_core/task/python/build.py", line 96, in build\n    available_commands = await self._get_available_commands(\n                         ^^^^^^^^^^^^^^^^^^^^^^^^^^^^^^^^^^^\n  File "/usr/lib/python3/dist-packages/colcon_core/task/python/build.py", line 194, in _get_available_commands\n    output = await check_output(\n             ^^^^^^^^^^^^^^^^^^^\n  File "/usr/lib/python3/dist-packages/colcon_core/subprocess.py", line 129, in check_output\n    assert not rc, f\'Expected {args} to pass: {stderr_data}\'\n           ^^^^^^\nAssertionError: Expected [\'/usr/bin/python3\', \'-W\', \'ignore:setup.py install is deprecated\', \'-W\', \'ignore:easy_install command is deprecated\', \'setup.py\', \'--help-commands\'] to pass: Traceback (most recent call last):\n  File "/home/pop/ros2_ws/src/vision_processing/setup.py", line 5, in <module>\n    setup(\n  File "/usr/lib/python3/dist-packages/setuptools/__init__.py", line 106, in setup\n    _install_setup_requires(attrs)\n  File "/usr/lib/python3/dist-packages/setuptools/__init__.py", line 74, in _install_setup_requires\n    dist = MinimalDistribution(attrs)\n           ^^^^^^^^^^^^^^^^^^^^^^^^^^\n  File "/usr/lib/python3/dist-packages/setuptools/__init__.py", line 56, in __init__\n    super().__init__(filtered)\n  File "/usr/lib/python3/dist-packages/setuptools/dist.py", line 483, in __init__\n    for ep in metadata.entry_points(group=\'distutils.setup_keywords\'):\n              ^^^^^^^^^^^^^^^^^^^^^^^^^^^^^^^^^^^^^^^^^^^^^^^^^^^^^^^\n  File "/usr/lib/python3.12/importlib/metadata/__init__.py", line 913, in entry_points\n    return EntryPoints(eps).select(**params)\n           ^^^^^^^^^^^^^^^^\n  File "/usr/lib/python3.12/importlib/metadata/__init__.py", line 911, in <genexpr>\n    dist.entry_points for dist in _unique(distributions())\n    ^^^^^^^^^^^^^^^^^\n  File "/usr/lib/python3.12/importlib/metadata/__init__.py", line 471, in entry_points\n    return EntryPoints._from_text_for(self.read_text(\'entry_points.txt\'), self)\n           ^^^^^^^^^^^^^^^^^^^^^^^^^^^^^^^^^^^^^^^^^^^^^^^^^^^^^^^^^^^^^^^^^^^^\n  File "/usr/lib/python3.12/importlib/metadata/__init__.py", line 312, in _from_text_for\n    return cls(ep._for(dist) for ep in cls._from_text(text))\n           ^^^^^^^^^^^^^^^^^^^^^^^^^^^^^^^^^^^^^^^^^^^^^^^^^\n  File "/usr/lib/python3.12/importlib/metadata/__init__.py", line 312, in <genexpr>\n    return cls(ep._for(dist) for ep in cls._from_text(text))\n              ^^^^^^^^^^^^^^^^^^^^^^^^^^^^^^^^^^^^^^^^^^^^^^\n  File "/usr/lib/python3.12/importlib/metadata/__init__.py", line 316, in <genexpr>\n    return (\n           ^\n  File "/usr/lib/python3.12/importlib/metadata/__init__.py", line 104, in <genexpr>\n    section._replace(value=Pair.parse(section.value))\n                           ^^^^^^^^^^^^^^^^^^^^^^^^^\n  File "/usr/lib/python3.12/importlib/metadata/_collections.py", line 28, in parse\n    @classmethod\n\nKeyboardInterrupt\n\n'}
[3.810610] (-) TimerEvent: {}
[3.811287] (vision_processing) JobEnded: {'identifier': 'vision_processing', 'rc': 'SIGINT'}
[3.816828] (-) EventReactorShutdown: {}
