[0.000000] (-) TimerEvent: {}
[0.000779] (-) JobUnselected: {'identifier': 'controller'}
[0.001072] (-) JobUnselected: {'identifier': 'motor_controller'}
[0.001230] (-) JobUnselected: {'identifier': 'vision_processing'}
[0.001419] (image_viewer) JobQueued: {'identifier': 'image_viewer', 'dependencies': OrderedDict()}
[0.001535] (image_viewer) JobStarted: {'identifier': 'image_viewer'}
[0.095635] (-) TimerEvent: {}
[0.198560] (-) TimerEvent: {}
[0.304422] (-) TimerEvent: {}
[0.405430] (-) TimerEvent: {}
[0.508603] (-) TimerEvent: {}
[0.611057] (-) TimerEvent: {}
[0.713574] (-) TimerEvent: {}
[0.818155] (-) TimerEvent: {}
[0.921692] (-) TimerEvent: {}
[1.022996] (-) TimerEvent: {}
[1.127175] (-) TimerEvent: {}
[1.228285] (-) TimerEvent: {}
[1.333458] (-) TimerEvent: {}
[1.435571] (-) TimerEvent: {}
[1.537085] (-) TimerEvent: {}
[1.639646] (-) TimerEvent: {}
[1.746639] (-) TimerEvent: {}
[1.850400] (-) TimerEvent: {}
[1.951374] (-) TimerEvent: {}
[2.055568] (-) TimerEvent: {}
[2.157490] (-) TimerEvent: {}
[2.263814] (-) TimerEvent: {}
[2.364854] (-) TimerEvent: {}
[2.465832] (-) TimerEvent: {}
[2.570047] (-) TimerEvent: {}
[2.673497] (-) TimerEvent: {}
[2.777424] (-) TimerEvent: {}
[2.878690] (-) TimerEvent: {}
[2.979784] (-) TimerEvent: {}
[3.084513] (-) TimerEvent: {}
[3.185594] (-) TimerEvent: {}
[3.289069] (-) TimerEvent: {}
[3.392467] (-) TimerEvent: {}
[3.494097] (-) TimerEvent: {}
[3.597046] (-) TimerEvent: {}
[3.699669] (-) TimerEvent: {}
[3.803441] (-) TimerEvent: {}
[3.904752] (-) TimerEvent: {}
[4.011489] (-) TimerEvent: {}
[4.114428] (-) TimerEvent: {}
[4.219033] (-) TimerEvent: {}
[4.323393] (-) TimerEvent: {}
[4.426429] (-) TimerEvent: {}
[4.530486] (-) TimerEvent: {}
[4.631449] (-) TimerEvent: {}
[4.732731] (-) TimerEvent: {}
[4.837206] (-) TimerEvent: {}
[4.941204] (-) TimerEvent: {}
[5.042431] (-) TimerEvent: {}
[5.147457] (-) TimerEvent: {}
[5.252443] (-) TimerEvent: {}
[5.353860] (-) TimerEvent: {}
[5.456422] (-) TimerEvent: {}
[5.558528] (-) TimerEvent: {}
[5.662397] (-) TimerEvent: {}
[5.763716] (-) TimerEvent: {}
[5.864820] (-) TimerEvent: {}
[5.968472] (-) TimerEvent: {}
[6.071486] (-) TimerEvent: {}
[6.174295] (-) TimerEvent: {}
[6.276880] (-) TimerEvent: {}
[6.405097] (-) TimerEvent: {}
[6.516348] (-) TimerEvent: {}
[6.617491] (-) TimerEvent: {}
[6.730765] (-) TimerEvent: {}
[6.841687] (-) TimerEvent: {}
[6.948906] (-) TimerEvent: {}
[7.055617] (-) TimerEvent: {}
[7.166319] (-) TimerEvent: {}
[7.270737] (-) TimerEvent: {}
[7.382427] (-) TimerEvent: {}
[7.490925] (-) TimerEvent: {}
[7.603306] (-) TimerEvent: {}
[7.704515] (-) TimerEvent: {}
[7.816908] (-) TimerEvent: {}
[7.938213] (-) TimerEvent: {}
[8.044841] (-) TimerEvent: {}
[8.151034] (-) TimerEvent: {}
[8.255231] (-) TimerEvent: {}
[8.358933] (-) TimerEvent: {}
[8.466617] (-) TimerEvent: {}
[8.579579] (-) TimerEvent: {}
[8.686156] (-) TimerEvent: {}
[8.790710] (-) TimerEvent: {}
[8.893502] (-) TimerEvent: {}
[9.004071] (-) TimerEvent: {}
[9.093547] (image_viewer) StderrLine: {'line': b'Traceback (most recent call last):\n  File "/usr/lib/python3/dist-packages/colcon_parallel_executor/executor/parallel.py", line 75, in execute\n    loop.run_until_complete(future)\n  File "/usr/lib/python3.12/asyncio/base_events.py", line 674, in run_until_complete\n    self.run_forever()\n  File "/usr/lib/python3.12/asyncio/base_events.py", line 641, in run_forever\n    self._run_once()\n  File "/usr/lib/python3.12/asyncio/base_events.py", line 1949, in _run_once\n    event_list = self._selector.select(timeout)\n                 ^^^^^^^^^^^^^^^^^^^^^^^^^^^^^^\n  File "/usr/lib/python3.12/selectors.py", line 468, in select\n    fd_event_list = self._selector.poll(timeout, max_ev)\n                    ^^^^^^^^^^^^^^^^^^^^^^^^^^^^^^^^^^^^\nKeyboardInterrupt\n\nDuring handling of the above exception, another exception occurred:\n\nTraceback (most recent call last):\n  File "/usr/lib/python3/dist-packages/colcon_core/executor/__init__.py", line 91, in __call__\n    rc = await self.task(*args, **kwargs)\n         ^^^^^^^^^^^^^^^^^^^^^^^^^^^^^^^^\n  File "/usr/lib/python3/dist-packages/colcon_core/task/__init__.py", line 93, in __call__\n    return await task_method(*args, **kwargs)\n           ^^^^^^^^^^^^^^^^^^^^^^^^^^^^^^^^^^\n  File "/usr/lib/python3/dist-packages/colcon_ros/task/ament_python/build.py", line 102, in build\n    return await extension.build(additional_hooks=additional_hooks)\n           ^^^^^^^^^^^^^^^^^^^^^^^^^^^^^^^^^^^^^^^^^^^^^^^^^^^^^^^^\n  File "/usr/lib/python3/dist-packages/colcon_core/task/python/build.py", line 96, in build\n    available_commands = await self._get_available_commands(\n                         ^^^^^^^^^^^^^^^^^^^^^^^^^^^^^^^^^^^\n  File "/usr/lib/python3/dist-packages/colcon_core/task/python/build.py", line 194, in _get_available_commands\n    output = await check_output(\n             ^^^^^^^^^^^^^^^^^^^\n  File "/usr/lib/python3/dist-packages/colcon_core/subprocess.py", line 129, in check_output\n    assert not rc, f\'Expected {args} to pass: {stderr_data}\'\n           ^^^^^^\nAssertionError: Expected [\'/usr/bin/python3\', \'-W\', \'ignore:setup.py install is deprecated\', \'-W\', \'ignore:easy_install command is deprecated\', \'setup.py\', \'--help-commands\'] to pass: Traceback (most recent call last):\n  File "/home/pop/ros2_ws/src/image_viewer/setup.py", line 5, in <module>\n    setup(\n  File "/usr/lib/python3/dist-packages/setuptools/__init__.py", line 107, in setup\n    return distutils.core.setup(**attrs)\n           ^^^^^^^^^^^^^^^^^^^^^^^^^^^^^\n  File "/usr/lib/python3/dist-packages/setuptools/_distutils/core.py", line 172, in setup\n    ok = dist.parse_command_line()\n         ^^^^^^^^^^^^^^^^^^^^^^^^^\n  File "/usr/lib/python3/dist-packages/setuptools/_distutils/dist.py", line 472, in parse_command_line\n    if self.handle_display_options(option_order):\n       ^^^^^^^^^^^^^^^^^^^^^^^^^^^^^^^^^^^^^^^^^\n  File "/usr/lib/python3/dist-packages/setuptools/dist.py", line 1209, in handle_display_options\n    return _Distribution.handle_display_options(self, option_order)\n           ^^^^^^^^^^^^^^^^^^^^^^^^^^^^^^^^^^^^^^^^^^^^^^^^^^^^^^^^\n  File "/usr/lib/python3/dist-packages/setuptools/_distutils/dist.py", line 686, in handle_display_options\n    self.print_commands()\n  File "/usr/lib/python3/dist-packages/setuptools/dist.py", line 988, in print_commands\n    cmdclass = ep.load()\n               ^^^^^^^^^\n  File "/usr/lib/python3.12/importlib/metadata/__init__.py", line 205, in load\n    module = import_module(match.group(\'module\'))\n             ^^^^^^^^^^^^^^^^^^^^^^^^^^^^^^^^^^^^\n  File "/usr/lib/python3.12/importlib/__init__.py", line 90, in import_module\n    return _bootstrap._gcd_import(name[level:], package, level)\n           ^^^^^^^^^^^^^^^^^^^^^^^^^^^^^^^^^^^^^^^^^^^^^^^^^^^^\n  File "<frozen importlib._bootstrap>", line 1387, in _gcd_import\n  File "<frozen importlib._bootstrap>", line 1360, in _find_and_load\n  File "<frozen importlib._bootstrap>", line 1331, in _find_and_load_unlocked\n  File "<frozen importlib._bootstrap>", line 935, in _load_unlocked\n  File "<frozen importlib._bootstrap_external>", line 995, in exec_module\n  File "<frozen importlib._bootstrap>", line 488, in _call_with_frames_removed\n  File "/usr/lib/python3/dist-packages/setuptools/command/develop.py", line 8, in <module>\n    from setuptools.command.easy_install import easy_install\n  File "/usr/lib/python3/dist-packages/setuptools/command/easy_install.py", line 50, in <module>\n    from setuptools.sandbox import run_setup\n  File "/usr/lib/python3/dist-packages/setuptools/sandbox.py", line 13, in <module>\n    import pkg_resources\n  File "/usr/lib/python3/dist-packages/pkg_resources/__init__.py", line 3327, in <module>\n    @_call_aside\n     ^^^^^^^^^^^\n  File "/usr/lib/python3/dist-packages/pkg_resources/__init__.py", line 3302, in _call_aside\n    f(*args, **kwargs)\n  File "/usr/lib/python3/dist-packages/pkg_resources/__init__.py", line 3360, in _initialize_master_working_set\n    list(map(working_set.add_entry, sys.path))\n  File "/usr/lib/python3/dist-packages/pkg_resources/__init__.py", line 671, in add_entry\n    for dist in find_distributions(entry, True):\n  File "/usr/lib/python3/dist-packages/pkg_resources/__init__.py", line 2134, in find_on_path\n    for dist in factory(fullpath):\n  File "/usr/lib/python3/dist-packages/pkg_resources/__init__.py", line 2199, in distributions_from_metadata\n    yield Distribution.from_location(\n          ^^^^^^^^^^^^^^^^^^^^^^^^^^^\n  File "/usr/lib/python3/dist-packages/pkg_resources/__init__.py", line 2665, in from_location\n    return cls(\n           ^^^^\n  File "/usr/lib/python3/dist-packages/pkg_resources/__init__.py", line 2646, in __init__\n    self._version = safe_version(version)\n                    ^^^^^^^^^^^^^^^^^^^^^\n  File "/usr/lib/python3/dist-packages/pkg_resources/__init__.py", line 1398, in safe_version\n    return str(packaging.version.Version(version))\n               ^^^^^^^^^^^^^^^^^^^^^^^^^^^^^^^^^^\n  File "/usr/lib/python3/dist-packages/pkg_resources/_vendor/packaging/version.py", line 203, in __init__\n    release=tuple(int(i) for i in match.group("release").split(".")),\n            ^^^^^^^^^^^^^^^^^^^^^^^^^^^^^^^^^^^^^^^^^^^^^^^^^^^^^^^^\n  File "/usr/lib/python3/dist-packages/pkg_resources/_vendor/packaging/version.py", line 203, in <genexpr>\n    release=tuple(int(i) for i in match.group("release").split(".")),\n                  ^^^^^^\nKeyboardInterrupt\n\n'}
[9.123860] (-) TimerEvent: {}
[9.126221] (image_viewer) JobEnded: {'identifier': 'image_viewer', 'rc': 'SIGINT'}
[9.178854] (-) EventReactorShutdown: {}
