[0.000000] (-) TimerEvent: {}
[0.004428] (-) JobUnselected: {'identifier': 'controller'}
[0.004740] (-) JobUnselected: {'identifier': 'image_viewer'}
[0.004956] (-) JobUnselected: {'identifier': 'motor_controller'}
[0.005110] (vision_processing) JobQueued: {'identifier': 'vision_processing', 'dependencies': OrderedDict()}
[0.005231] (vision_processing) JobStarted: {'identifier': 'vision_processing'}
[0.102002] (-) TimerEvent: {}
[0.202941] (-) TimerEvent: {}
[0.305098] (-) TimerEvent: {}
[0.407982] (-) TimerEvent: {}
[0.508899] (-) TimerEvent: {}
[0.609912] (-) TimerEvent: {}
[0.715013] (-) TimerEvent: {}
[0.816557] (-) TimerEvent: {}
[0.918365] (-) TimerEvent: {}
[1.020941] (-) TimerEvent: {}
[1.123207] (-) TimerEvent: {}
[1.225064] (-) TimerEvent: {}
[1.333037] (-) TimerEvent: {}
[1.434836] (-) TimerEvent: {}
[1.538111] (-) TimerEvent: {}
[1.644934] (-) TimerEvent: {}
[1.748950] (-) TimerEvent: {}
[1.851945] (-) TimerEvent: {}
[1.957108] (-) TimerEvent: {}
[2.061472] (-) TimerEvent: {}
[2.165943] (-) TimerEvent: {}
[2.266758] (-) TimerEvent: {}
[2.369265] (-) TimerEvent: {}
[2.476320] (-) TimerEvent: {}
[2.586429] (-) TimerEvent: {}
[2.690458] (-) TimerEvent: {}
[2.793995] (-) TimerEvent: {}
[2.894780] (-) TimerEvent: {}
[2.995760] (-) TimerEvent: {}
[3.099983] (-) TimerEvent: {}
[3.200887] (-) TimerEvent: {}
[3.302641] (-) TimerEvent: {}
[3.406450] (-) TimerEvent: {}
[3.508933] (-) TimerEvent: {}
[3.611307] (-) TimerEvent: {}
[3.713521] (-) TimerEvent: {}
[3.820397] (-) TimerEvent: {}
[3.922119] (-) TimerEvent: {}
[4.022978] (-) TimerEvent: {}
[4.125941] (-) TimerEvent: {}
[4.228246] (-) TimerEvent: {}
[4.333362] (-) TimerEvent: {}
[4.434494] (-) TimerEvent: {}
[4.536656] (-) TimerEvent: {}
[4.638770] (-) TimerEvent: {}
[4.743251] (-) TimerEvent: {}
[4.846028] (-) TimerEvent: {}
[4.877160] (vision_processing) StderrLine: {'line': b'Traceback (most recent call last):\n  File "/usr/lib/python3/dist-packages/colcon_parallel_executor/executor/parallel.py", line 75, in execute\n    loop.run_until_complete(future)\n  File "/usr/lib/python3.12/asyncio/base_events.py", line 674, in run_until_complete\n    self.run_forever()\n  File "/usr/lib/python3.12/asyncio/base_events.py", line 641, in run_forever\n    self._run_once()\n  File "/usr/lib/python3.12/asyncio/base_events.py", line 1949, in _run_once\n    event_list = self._selector.select(timeout)\n                 ^^^^^^^^^^^^^^^^^^^^^^^^^^^^^^\n  File "/usr/lib/python3.12/selectors.py", line 468, in select\n    fd_event_list = self._selector.poll(timeout, max_ev)\n                    ^^^^^^^^^^^^^^^^^^^^^^^^^^^^^^^^^^^^\nKeyboardInterrupt\n\nDuring handling of the above exception, another exception occurred:\n\nTraceback (most recent call last):\n  File "/usr/lib/python3/dist-packages/colcon_core/executor/__init__.py", line 91, in __call__\n    rc = await self.task(*args, **kwargs)\n         ^^^^^^^^^^^^^^^^^^^^^^^^^^^^^^^^\n  File "/usr/lib/python3/dist-packages/colcon_core/task/__init__.py", line 93, in __call__\n    return await task_method(*args, **kwargs)\n           ^^^^^^^^^^^^^^^^^^^^^^^^^^^^^^^^^^\n  File "/usr/lib/python3/dist-packages/colcon_ros/task/ament_python/build.py", line 102, in build\n    return await extension.build(additional_hooks=additional_hooks)\n           ^^^^^^^^^^^^^^^^^^^^^^^^^^^^^^^^^^^^^^^^^^^^^^^^^^^^^^^^\n  File "/usr/lib/python3/dist-packages/colcon_core/task/python/build.py", line 96, in build\n    available_commands = await self._get_available_commands(\n                         ^^^^^^^^^^^^^^^^^^^^^^^^^^^^^^^^^^^\n  File "/usr/lib/python3/dist-packages/colcon_core/task/python/build.py", line 194, in _get_available_commands\n    output = await check_output(\n             ^^^^^^^^^^^^^^^^^^^\n  File "/usr/lib/python3/dist-packages/colcon_core/subprocess.py", line 129, in check_output\n    assert not rc, f\'Expected {args} to pass: {stderr_data}\'\n           ^^^^^^\nAssertionError: Expected [\'/usr/bin/python3\', \'-W\', \'ignore:setup.py install is deprecated\', \'-W\', \'ignore:easy_install command is deprecated\', \'setup.py\', \'--help-commands\'] to pass: Traceback (most recent call last):\n  File "/home/pop/ros2_ws/src/vision_processing/setup.py", line 5, in <module>\n    setup(\n  File "/usr/lib/python3/dist-packages/setuptools/__init__.py", line 107, in setup\n    return distutils.core.setup(**attrs)\n           ^^^^^^^^^^^^^^^^^^^^^^^^^^^^^\n  File "/usr/lib/python3/dist-packages/setuptools/_distutils/core.py", line 147, in setup\n    _setup_distribution = dist = klass(attrs)\n                                 ^^^^^^^^^^^^\n  File "/usr/lib/python3/dist-packages/setuptools/dist.py", line 485, in __init__\n    _Distribution.__init__(\n  File "/usr/lib/python3/dist-packages/setuptools/_distutils/dist.py", line 283, in __init__\n    self.finalize_options()\n  File "/usr/lib/python3/dist-packages/setuptools/dist.py", line 926, in finalize_options\n    ep(self)\n  File "/usr/lib/python3/dist-packages/setuptools/dist.py", line 943, in _finalize_setup_keywords\n    for ep in metadata.entry_points(group=\'distutils.setup_keywords\'):\n              ^^^^^^^^^^^^^^^^^^^^^^^^^^^^^^^^^^^^^^^^^^^^^^^^^^^^^^^\n  File "/usr/lib/python3.12/importlib/metadata/__init__.py", line 913, in entry_points\n    return EntryPoints(eps).select(**params)\n           ^^^^^^^^^^^^^^^^\n  File "/usr/lib/python3.12/importlib/metadata/__init__.py", line 910, in <genexpr>\n    eps = itertools.chain.from_iterable(\n                                       ^\n  File "/usr/lib/python3.12/importlib/metadata/_itertools.py", line 15, in unique_everseen\n    for element in iterable:\n  File "/usr/lib/python3.12/importlib/metadata/__init__.py", line 349, in __new__\n    name for subclass in inspect.getmro(cls) for name in vars(subclass)\n    ^^^^\nKeyboardInterrupt\n\n'}
[4.889958] (vision_processing) JobEnded: {'identifier': 'vision_processing', 'rc': 'SIGINT'}
[4.907375] (-) EventReactorShutdown: {}
